[    0.000000] Linux version 4.15.0-166-generic (buildd@lgw01-amd64-012) (gcc version 7.5.0 (Ubuntu 7.5.0-3ubuntu1~18.04)) #174-Ubuntu SMP Wed Dec 8 19:07:44 UTC 2021 (Ubuntu 4.15.0-166.174-generic 4.15.18)
[    0.000000] Command line: BOOT_IMAGE=/boot/vmlinuz-4.15.0-166-generic root=UUID=2ce72e4c-fd4f-48a5-9252-08f27c406c75 ro console=tty1 console=ttyS0
[    0.000000] KERNEL supported cpus:
[    0.000000]   Intel GenuineIntel
[    0.000000]   AMD AuthenticAMD
[    0.000000]   Centaur CentaurHauls
[    0.000000] [Firmware Bug]: TSC doesn't count with P0 frequency!
[    0.000000] x86/fpu: Supporting XSAVE feature 0x001: 'x87 floating point registers'
[    0.000000] x86/fpu: Supporting XSAVE feature 0x002: 'SSE registers'
[    0.000000] x86/fpu: Supporting XSAVE feature 0x004: 'AVX registers'
[    0.000000] x86/fpu: xstate_offset[2]:  576, xstate_sizes[2]:  256
[    0.000000] x86/fpu: Enabled xstate features 0x7, context size is 832 bytes, using 'standard' format.
[    0.000000] e820: BIOS-provided physical RAM map:
[    0.000000] BIOS-e820: [mem 0x0000000000000000-0x000000000009fbff] usable
[    0.000000] BIOS-e820: [mem 0x000000000009fc00-0x000000000009ffff] reserved
[    0.000000] BIOS-e820: [mem 0x00000000000f0000-0x00000000000fffff] reserved
[    0.000000] BIOS-e820: [mem 0x0000000000100000-0x000000000ffeffff] usable
[    0.000000] BIOS-e820: [mem 0x000000000fff0000-0x000000000fffffff] ACPI data
[    0.000000] BIOS-e820: [mem 0x00000000fec00000-0x00000000fec00fff] reserved
[    0.000000] BIOS-e820: [mem 0x00000000fee00000-0x00000000fee00fff] reserved
[    0.000000] BIOS-e820: [mem 0x00000000fffc0000-0x00000000ffffffff] reserved
[    0.000000] NX (Execute Disable) protection: active
[    0.000000] SMBIOS 2.5 present.
[    0.000000] DMI: innotek GmbH VirtualBox/VirtualBox, BIOS VirtualBox 12/01/2006
[    0.000000] Hypervisor detected: KVM
[    0.000000] e820: last_pfn = 0xfff0 max_arch_pfn = 0x400000000
[    0.000000] MTRR: Disabled
[    0.000000] x86/PAT: MTRRs disabled, skipping PAT initialization too.
[    0.000000] CPU MTRRs all blank - virtualized system.
[    0.000000] x86/PAT: Configuration [0-7]: WB  WT  UC- UC  WB  WT  UC- UC  
[    0.000000] found SMP MP-table at [mem 0x0009fff0-0x0009ffff]
[    0.000000] Scanning 1 areas for low memory corruption
[    0.000000] RAMDISK: [mem 0x0d9ca000-0x0edb6fff]
[    0.000000] ACPI: Early table checksum verification disabled
[    0.000000] ACPI: RSDP 0x00000000000E0000 000024 (v02 VBOX  )
[    0.000000] ACPI: XSDT 0x000000000FFF0030 00003C (v01 VBOX   VBOXXSDT 00000001 ASL  00000061)
[    0.000000] ACPI: FACP 0x000000000FFF00F0 0000F4 (v04 VBOX   VBOXFACP 00000001 ASL  00000061)
[    0.000000] ACPI: DSDT 0x000000000FFF0470 002325 (v02 VBOX   VBOXBIOS 00000002 INTL 20190509)
[    0.000000] ACPI: FACS 0x000000000FFF0200 000040
[    0.000000] ACPI: FACS 0x000000000FFF0200 000040
[    0.000000] ACPI: APIC 0x000000000FFF0240 000054 (v02 VBOX   VBOXAPIC 00000001 ASL  00000061)
[    0.000000] ACPI: SSDT 0x000000000FFF02A0 0001CC (v01 VBOX   VBOXCPUT 00000002 INTL 20190509)
[    0.000000] ACPI: Reserving FACP table memory at [mem 0xfff00f0-0xfff01e3]
[    0.000000] ACPI: Reserving DSDT table memory at [mem 0xfff0470-0xfff2794]
[    0.000000] ACPI: Reserving FACS table memory at [mem 0xfff0200-0xfff023f]
[    0.000000] ACPI: Reserving FACS table memory at [mem 0xfff0200-0xfff023f]
[    0.000000] ACPI: Reserving APIC table memory at [mem 0xfff0240-0xfff0293]
[    0.000000] ACPI: Reserving SSDT table memory at [mem 0xfff02a0-0xfff046b]
[    0.000000] No NUMA configuration found
[    0.000000] Faking a node at [mem 0x0000000000000000-0x000000000ffeffff]
[    0.000000] NODE_DATA(0) allocated [mem 0x0ffc5000-0x0ffeffff]
[    0.000000] kvm-clock: cpu 0, msr 0:ff44001, primary cpu clock
[    0.000000] kvm-clock: Using msrs 4b564d01 and 4b564d00
[    0.000000] kvm-clock: using sched offset of 4810233047 cycles
[    0.000000] clocksource: kvm-clock: mask: 0xffffffffffffffff max_cycles: 0x1cd42e4dffb, max_idle_ns: 881590591483 ns
[    0.000000] Zone ranges:
[    0.000000]   DMA      [mem 0x0000000000001000-0x0000000000ffffff]
[    0.000000]   DMA32    [mem 0x0000000001000000-0x000000000ffeffff]
[    0.000000]   Normal   empty
[    0.000000]   Device   empty
[    0.000000] Movable zone start for each node
[    0.000000] Early memory node ranges
[    0.000000]   node   0: [mem 0x0000000000001000-0x000000000009efff]
[    0.000000]   node   0: [mem 0x0000000000100000-0x000000000ffeffff]
[    0.000000] Reserved but unavailable: 104 pages
[    0.000000] Initmem setup node 0 [mem 0x0000000000001000-0x000000000ffeffff]
[    0.000000] ACPI: PM-Timer IO Port: 0x4008
[    0.000000] IOAPIC[0]: apic_id 1, version 32, address 0xfec00000, GSI 0-23
[    0.000000] ACPI: INT_SRC_OVR (bus 0 bus_irq 0 global_irq 2 dfl dfl)
[    0.000000] ACPI: INT_SRC_OVR (bus 0 bus_irq 9 global_irq 9 low level)
[    0.000000] Using ACPI (MADT) for SMP configuration information
[    0.000000] smpboot: Allowing 1 CPUs, 0 hotplug CPUs
[    0.000000] PM: Registered nosave memory: [mem 0x00000000-0x00000fff]
[    0.000000] PM: Registered nosave memory: [mem 0x0009f000-0x0009ffff]
[    0.000000] PM: Registered nosave memory: [mem 0x000a0000-0x000effff]
[    0.000000] PM: Registered nosave memory: [mem 0x000f0000-0x000fffff]
[    0.000000] e820: [mem 0x10000000-0xfebfffff] available for PCI devices
[    0.000000] Booting paravirtualized kernel on KVM
[    0.000000] clocksource: refined-jiffies: mask: 0xffffffff max_cycles: 0xffffffff, max_idle_ns: 7645519600211568 ns
[    0.000000] random: get_random_bytes called from start_kernel+0x99/0x500 with crng_init=0
[    0.000000] setup_percpu: NR_CPUS:8192 nr_cpumask_bits:1 nr_cpu_ids:1 nr_node_ids:1
[    0.000000] percpu: Embedded 45 pages/cpu s147456 r8192 d28672 u2097152
[    0.000000] PV qspinlock hash table entries: 256 (order: 0, 4096 bytes)
[    0.000000] Built 1 zonelists, mobility grouping on.  Total pages: 64377
[    0.000000] Policy zone: DMA32
[    0.000000] Kernel command line: BOOT_IMAGE=/boot/vmlinuz-4.15.0-166-generic root=UUID=2ce72e4c-fd4f-48a5-9252-08f27c406c75 ro console=tty1 console=ttyS0
[    0.000000] Memory: 207868K/261688K available (12300K kernel code, 2483K rwdata, 4320K rodata, 2448K init, 2724K bss, 53820K reserved, 0K cma-reserved)
[    0.000000] SLUB: HWalign=64, Order=0-3, MinObjects=0, CPUs=1, Nodes=1
[    0.000000] ftrace: allocating 39491 entries in 155 pages
[    0.004000] Hierarchical RCU implementation.
[    0.004000] 	RCU restricting CPUs from NR_CPUS=8192 to nr_cpu_ids=1.
[    0.004000] 	Tasks RCU enabled.
[    0.004000] RCU: Adjusting geometry for rcu_fanout_leaf=16, nr_cpu_ids=1
[    0.004000] NR_IRQS: 524544, nr_irqs: 256, preallocated irqs: 16
[    0.004000] Console: colour VGA+ 80x25
[    0.004000] console [tty1] enabled
[    0.004000] console [ttyS0] enabled
[    0.004000] ACPI: Core revision 20170831
[    0.004000] ACPI: 2 ACPI AML tables successfully acquired and loaded
[    0.004000] APIC: Switch to symmetric I/O mode setup
[    0.004000] x2apic enabled
[    0.004000] Switched APIC routing to physical x2apic.
[    0.004000] ..TIMER: vector=0x30 apic1=0 pin1=2 apic2=-1 pin2=-1
[    0.004000] tsc: Detected 2370.664 MHz processor
[    0.004000] Calibrating delay loop (skipped) preset value.. 4741.32 BogoMIPS (lpj=9482656)
[    0.004000] pid_max: default: 32768 minimum: 301
[    0.004051] Security Framework initialized
[    0.004464] Yama: becoming mindful.
[    0.004843] AppArmor: AppArmor initialized
[    0.005677] Dentry cache hash table entries: 32768 (order: 6, 262144 bytes)
[    0.006366] Inode-cache hash table entries: 16384 (order: 5, 131072 bytes)
[    0.007034] Mount-cache hash table entries: 512 (order: 0, 4096 bytes)
[    0.008004] Mountpoint-cache hash table entries: 512 (order: 0, 4096 bytes)
[    0.008843] CPU0: Hyper-Threading is disabled
[    0.009412] Last level iTLB entries: 4KB 1024, 2MB 1024, 4MB 512
[    0.010106] Last level dTLB entries: 4KB 2048, 2MB 2048, 4MB 1024, 1GB 0
[    0.010903] Spectre V1 : Mitigation: usercopy/swapgs barriers and __user pointer sanitization
[    0.012011] Spectre V2 : Spectre mitigation: LFENCE not serializing, switching to generic retpoline
[    0.016003] Spectre V2 : Mitigation: Full generic retpoline
[    0.017000] Spectre V2 : Spectre v2 / SpectreRSB mitigation: Filling RSB on context switch
[    0.018563] Speculative Store Bypass: Mitigation: Speculative Store Bypass disabled via prctl and seccomp
[    0.026383] Freeing SMP alternatives memory: 36K
[    0.120687] APIC calibration not consistent with PM-Timer: 109ms instead of 100ms
[    0.121417] APIC delta adjusted to PM-Timer: 6303060 (6873631)
[    0.121927] smpboot: CPU0: AMD Ryzen 5 4500U with Radeon Graphics (family: 0x17, model: 0x60, stepping: 0x1)
[    0.122815] Performance Events: PMU not available due to virtualization, using software events only.
[    0.123658] Hierarchical SRCU implementation.
[    0.124000] NMI watchdog: Perf event create on CPU 0 failed with -2
[    0.124000] NMI watchdog: Perf NMI watchdog permanently disabled
[    0.124058] smp: Bringing up secondary CPUs ...
[    0.124416] smp: Brought up 1 node, 1 CPU
[    0.124740] smpboot: Max logical packages: 1
[    0.125074] smpboot: Total of 1 processors activated (4741.32 BogoMIPS)
[    0.125771] devtmpfs: initialized
[    0.126111] x86/mm: Memory block size: 128MB
[    0.126533] evm: security.selinux
[    0.126811] evm: security.SMACK64
[    0.127107] evm: security.SMACK64EXEC
[    0.127404] evm: security.SMACK64TRANSMUTE
[    0.127746] evm: security.SMACK64MMAP
[    0.128000] evm: security.apparmor
[    0.128000] evm: security.ima
[    0.128000] evm: security.capability
[    0.128000] clocksource: jiffies: mask: 0xffffffff max_cycles: 0xffffffff, max_idle_ns: 7645041785100000 ns
[    0.128000] futex hash table entries: 256 (order: 2, 16384 bytes)
[    0.128000] pinctrl core: initialized pinctrl subsystem
[    0.128104] RTC time:  9:42:45, date: 01/08/22
[    0.128608] NET: Registered protocol family 16
[    0.129087] audit: initializing netlink subsys (disabled)
[    0.129674] cpuidle: using governor ladder
[    0.130034] cpuidle: using governor menu
[    0.132197] ACPI: bus type PCI registered
[    0.132540] acpiphp: ACPI Hot Plug PCI Controller Driver version: 0.5
[    0.133167] PCI: Using configuration type 1 for base access
[    0.133718] PCI: Using configuration type 1 for extended access
[    0.134249] audit: type=2000 audit(1641634970.968:1): state=initialized audit_enabled=0 res=1
[    0.135640] HugeTLB registered 2.00 MiB page size, pre-allocated 0 pages
[    0.136123] ACPI: Added _OSI(Module Device)
[    0.136483] ACPI: Added _OSI(Processor Device)
[    0.136863] ACPI: Added _OSI(3.0 _SCP Extensions)
[    0.137246] ACPI: Added _OSI(Processor Aggregator Device)
[    0.137674] ACPI: Added _OSI(Linux-Dell-Video)
[    0.138034] ACPI: Added _OSI(Linux-Lenovo-NV-HDMI-Audio)
[    0.138456] ACPI: Added _OSI(Linux-HPI-Hybrid-Graphics)
[    0.139065] ACPI: Executed 1 blocks of module-level executable AML code
[    0.142147] ACPI: Interpreter enabled
[    0.142505] ACPI: (supports S0 S5)
[    0.142806] ACPI: Using IOAPIC for interrupt routing
[    0.144604] PCI: Using host bridge windows from ACPI; if necessary, use "pci=nocrs" and report a bug
[    0.148302] ACPI: Enabled 2 GPEs in block 00 to 07
[    0.160582] ACPI: PCI Root Bridge [PCI0] (domain 0000 [bus 00-ff])
[    0.161220] acpi PNP0A03:00: _OSC: OS supports [ExtendedConfig ASPM ClockPM Segments MSI]
[    0.162768] acpi PNP0A03:00: _OSC: platform does not support [PCIeCapability]
[    0.164347] acpi PNP0A03:00: _OSC: not requesting control; platform does not support [PCIeCapability]
[    0.165511] acpi PNP0A03:00: _OSC: OS requested [PCIeHotplug PME AER PCIeCapability]
[    0.166385] acpi PNP0A03:00: _OSC: platform willing to grant [PCIeHotplug PME AER]
[    0.167074] acpi PNP0A03:00: _OSC failed (AE_SUPPORT); disabling ASPM
[    0.168269] PCI host bridge to bus 0000:00
[    0.168623] pci_bus 0000:00: root bus resource [io  0x0000-0x0cf7 window]
[    0.169174] pci_bus 0000:00: root bus resource [io  0x0d00-0xffff window]
[    0.169722] pci_bus 0000:00: root bus resource [mem 0x000a0000-0x000bffff window]
[    0.170326] pci_bus 0000:00: root bus resource [mem 0x10000000-0xfdffffff window]
[    0.172006] pci_bus 0000:00: root bus resource [bus 00-ff]
[    0.173408] pci 0000:00:01.1: legacy IDE quirk: reg 0x10: [io  0x01f0-0x01f7]
[    0.173964] pci 0000:00:01.1: legacy IDE quirk: reg 0x14: [io  0x03f6]
[    0.174488] pci 0000:00:01.1: legacy IDE quirk: reg 0x18: [io  0x0170-0x0177]
[    0.175048] pci 0000:00:01.1: legacy IDE quirk: reg 0x1c: [io  0x0376]
[    0.178032] pci 0000:00:07.0: quirk: [io  0x4000-0x403f] claimed by PIIX4 ACPI
[    0.178733] pci 0000:00:07.0: quirk: [io  0x4100-0x410f] claimed by PIIX4 SMB
[    0.185129] ACPI: PCI Interrupt Link [LNKA] (IRQs 5 9 10 *11)
[    0.186116] ACPI: PCI Interrupt Link [LNKB] (IRQs 5 9 *10 11)
[    0.186749] ACPI: PCI Interrupt Link [LNKC] (IRQs 5 *9 10 11)
[    0.188068] ACPI: PCI Interrupt Link [LNKD] (IRQs 5 9 10 *11)
[    0.188815] SCSI subsystem initialized
[    0.189238] pci 0000:00:02.0: vgaarb: setting as boot VGA device
[    0.189719] pci 0000:00:02.0: vgaarb: VGA device added: decodes=io+mem,owns=io+mem,locks=none
[    0.190413] pci 0000:00:02.0: vgaarb: bridge control possible
[    0.190873] vgaarb: loaded
[    0.191151] ACPI: bus type USB registered
[    0.192022] usbcore: registered new interface driver usbfs
[    0.192472] usbcore: registered new interface driver hub
[    0.192907] usbcore: registered new device driver usb
[    0.193376] EDAC MC: Ver: 3.0.0
[    0.193829] PCI: Using ACPI for IRQ routing
[    0.194367] NetLabel: Initializing
[    0.194671] NetLabel:  domain hash size = 128
[    0.196006] NetLabel:  protocols = UNLABELED CIPSOv4 CALIPSO
[    0.196539] NetLabel:  unlabeled traffic allowed by default
[    0.197190] clocksource: Switched to clocksource kvm-clock
[    0.262305] VFS: Disk quotas dquot_6.6.0
[    0.262962] VFS: Dquot-cache hash table entries: 512 (order 0, 4096 bytes)
[    0.263696] AppArmor: AppArmor Filesystem Enabled
[    0.264230] pnp: PnP ACPI init
[    0.265276] pnp: PnP ACPI: found 3 devices
[    0.271610] clocksource: acpi_pm: mask: 0xffffff max_cycles: 0xffffff, max_idle_ns: 2085701024 ns
[    0.272783] NET: Registered protocol family 2
[    0.273239] IP idents hash table entries: 4096 (order: 3, 32768 bytes)
[    0.273913] TCP established hash table entries: 2048 (order: 2, 16384 bytes)
[    0.274468] TCP bind hash table entries: 2048 (order: 3, 32768 bytes)
[    0.275023] TCP: Hash tables configured (established 2048 bind 2048)
[    0.275845] UDP hash table entries: 256 (order: 1, 8192 bytes)
[    0.276884] UDP-Lite hash table entries: 256 (order: 1, 8192 bytes)
[    0.277987] NET: Registered protocol family 1
[    0.278755] pci 0000:00:00.0: Limiting direct PCI/PCI transfers
[    0.279739] pci 0000:00:01.0: Activating ISA DMA hang workarounds
[    0.280793] pci 0000:00:02.0: Video device with shadowed ROM at [mem 0x000c0000-0x000dffff]
[    0.282963] Unpacking initramfs...
[    0.892423] Freeing initrd memory: 20404K
[    0.892944] clocksource: tsc: mask: 0xffffffffffffffff max_cycles: 0x222bf6e1b5c, max_idle_ns: 440795228606 ns
[    0.893731] platform rtc_cmos: registered platform RTC device (no PNP device found)
[    0.894408] Scanning for low memory corruption every 60 seconds
[    0.895254] Initialise system trusted keyrings
[    0.895617] Key type blacklist registered
[    0.895965] workingset: timestamp_bits=36 max_order=16 bucket_order=0
[    0.897184] zbud: loaded
[    0.897793] squashfs: version 4.0 (2009/01/31) Phillip Lougher
[    0.898340] fuse init (API version 7.26)
[    0.899162] Key type asymmetric registered
[    0.899482] Asymmetric key parser 'x509' registered
[    0.899879] Block layer SCSI generic (bsg) driver version 0.4 loaded (major 246)
[    0.900494] io scheduler noop registered
[    0.900799] io scheduler deadline registered
[    0.901146] io scheduler cfq registered (default)
[    0.901684] ACPI: AC Adapter [AC] (on-line)
[    0.902060] input: Power Button as /devices/LNXSYSTM:00/LNXPWRBN:00/input/input0
[    0.902665] ACPI: Power Button [PWRF]
[    0.903001] input: Sleep Button as /devices/LNXSYSTM:00/LNXSLPBN:00/input/input1
[    0.903565] ACPI: Sleep Button [SLPF]
[    0.904439] ACPI: Battery Slot [BAT0] (battery present)
[    0.905017] Serial: 8250/16550 driver, 32 ports, IRQ sharing enabled
[    0.975834] 00:02: ttyS0 at I/O 0x3f8 (irq = 4, base_baud = 115200) is a 16550A
[    0.980189] Linux agpgart interface v0.103
[    0.982519] loop: module loaded
[    0.983516] scsi host0: ata_piix
[    0.983851] scsi host1: ata_piix
[    0.984146] ata1: PATA max UDMA/33 cmd 0x1f0 ctl 0x3f6 bmdma 0xd000 irq 14
[    0.984665] ata2: PATA max UDMA/33 cmd 0x170 ctl 0x376 bmdma 0xd008 irq 15
[    0.985372] libphy: Fixed MDIO Bus: probed
[    0.985697] tun: Universal TUN/TAP device driver, 1.6
[    0.986120] PPP generic driver version 2.4.2
[    0.986502] ehci_hcd: USB 2.0 'Enhanced' Host Controller (EHCI) Driver
[    0.986982] ehci-pci: EHCI PCI platform driver
[    0.987333] ehci-platform: EHCI generic platform driver
[    0.987728] ohci_hcd: USB 1.1 'Open' Host Controller (OHCI) Driver
[    0.988178] ohci-pci: OHCI PCI platform driver
[    0.988652] ohci-platform: OHCI generic platform driver
[    0.989050] uhci_hcd: USB Universal Host Controller Interface driver
[    0.989587] i8042: PNP: PS/2 Controller [PNP0303:PS2K,PNP0f03:PS2M] at 0x60,0x64 irq 1,12
[    0.990513] serio: i8042 KBD port at 0x60,0x64 irq 1
[    0.990918] serio: i8042 AUX port at 0x60,0x64 irq 12
[    0.991353] mousedev: PS/2 mouse device common for all mice
[    0.991921] input: AT Translated Set 2 keyboard as /devices/platform/i8042/serio0/input/input2
[    0.992800] rtc_cmos rtc_cmos: rtc core: registered rtc_cmos as rtc0
[    0.993297] rtc_cmos rtc_cmos: alarms up to one day, 114 bytes nvram
[    0.993766] i2c /dev entries driver
[    0.994082] device-mapper: uevent: version 1.0.3
[    0.994480] device-mapper: ioctl: 4.37.0-ioctl (2017-09-20) initialised: dm-devel@redhat.com
[    0.995122] ledtrig-cpu: registered to indicate activity on CPUs
[    0.995730] NET: Registered protocol family 10
[    0.997893] Segment Routing with IPv6
[    0.998247] NET: Registered protocol family 17
[    0.998774] Key type dns_resolver registered
[    0.999307] mce: Using 0 MCE banks
[    0.999671] RAS: Correctable Errors collector initialized.
[    1.000125] sched_clock: Marking stable (996125313, 0)->(1314400593, -318275280)
[    1.000948] registered taskstats version 1
[    1.001417] Loading compiled-in X.509 certificates
[    1.003343] Loaded X.509 cert 'Build time autogenerated kernel key: 408b96eb428cbe545a63e9a677d083d5c6df802b'
[    1.004716] Loaded X.509 cert 'Canonical Ltd. Live Patch Signing: 14df34d1a87cf37625abec039ef2bf521249b969'
[    1.005896] Loaded X.509 cert 'Canonical Ltd. Kernel Module Signing: 88f752e560a1e0737e31163a466ad7b70a850c19'
[    1.006731] blacklist: Loading compiled-in revocation X.509 certificates
[    1.007281] Loaded X.509 cert 'Canonical Ltd. Secure Boot Signing: 61482aa2830d0ab2ad5af10b7250da9033ddcef0'
[    1.008019] zswap: loaded using pool lzo/zbud
[    1.010364] Key type big_key registered
[    1.010858] Key type trusted registered
[    1.012220] Key type encrypted registered
[    1.012662] AppArmor: AppArmor sha1 policy hashing enabled
[    1.013123] ima: No TPM chip found, activating TPM-bypass! (rc=-19)
[    1.013630] ima: Allocated hash algorithm: sha1
[    1.013995] evm: HMAC attrs: 0x1
[    1.014474]   Magic number: 6:207:727
[    1.014834] block loop7: hash matches
[    1.015217] rtc_cmos rtc_cmos: setting system clock to 2022-01-08 09:42:46 UTC (1641634966)
[    1.015965] BIOS EDD facility v0.16 2004-Jun-25, 0 devices found
[    1.016470] EDD information not available.
[    1.170780] Freeing unused kernel image memory: 2448K
[    1.180092] Write protecting the kernel read-only data: 20480k
[    1.182575] Freeing unused kernel image memory: 2008K
[    1.184224] Freeing unused kernel image memory: 1824K
[    1.194607] x86/mm: Checked W+X mappings: passed, no W+X pages found.
Loading, please wait...
starting version 237
[    1.372008] vboxvideo: loading out-of-tree module taints kernel.
[    1.372894] vboxvideo: module verification failed: signature and/or required key missing - tainting kernel
[    1.374101] vboxvideo: loading version 6.1.30 r148432
[    1.375053] [drm] VRAM 01000000
[    1.378639] [TTM] Zone  kernel: Available graphics memory: 117294 kiB
[    1.379241] [TTM] Initializing pool allocator
[    1.379777] [TTM] Initializing DMA pool allocator
[    1.381269] fbcon: vboxdrmfb (fb0) is primary device
[    1.382559] Console: switching to colour frame buffer device 100x37
[    1.386106] e1000: Intel(R) PRO/1000 Network Driver - version 7.3.21-k8-NAPI
[    1.386107] e1000: Copyright (c) 1999-2006 Intel Corporation.
[    1.390552] Fusion MPT base driver 3.04.20
[    1.390552] Copyright (c) 1999-2008 LSI Corporation
[    1.394337] Fusion MPT SPI Host driver 3.04.20
[    1.399910] vboxvideo 0000:00:02.0: fb0: vboxdrmfb frame buffer device
[    1.466863] [drm] Initialized vboxvideo 1.0.0 20130823 for 0000:00:02.0 on minor 0
[    1.477945] AVX2 version of gcm_enc/dec engaged.
[    1.478289] AES CTR mode by8 optimization enabled
[    1.601337] input: ImExPS/2 Generic Explorer Mouse as /devices/platform/i8042/serio1/input/input4
[    2.141542] e1000 0000:00:03.0 eth0: (PCI:33MHz:32-bit) 02:29:e0:c3:be:94
[    2.142213] e1000 0000:00:03.0 eth0: Intel(R) PRO/1000 Network Connection
[    2.143347] mptbase: ioc0: Initiating bringup
[    2.236439] ioc0: LSI53C1030 A0: Capabilities={Initiator}
[    2.478185] scsi host2: ioc0: LSI53C1030 A0, FwRev=00000000h, Ports=1, MaxQ=256, IRQ=20
[    2.644387] scsi 2:0:0:0: Direct-Access     VBOX     HARDDISK         1.0  PQ: 0 ANSI: 5
[    2.645895] scsi target2:0:0: Beginning Domain Validation
[    2.649911] scsi target2:0:0: Domain Validation skipping write tests
[    2.651426] scsi target2:0:0: Ending Domain Validation
[    2.652733] scsi target2:0:0: asynchronous
[    2.654273] scsi 2:0:1:0: Direct-Access     VBOX     HARDDISK         1.0  PQ: 0 ANSI: 5
[    2.655633] scsi target2:0:1: Beginning Domain Validation
[    2.656398] random: fast init done
[    2.657409] scsi target2:0:1: Domain Validation skipping write tests
[    2.658761] scsi target2:0:1: Ending Domain Validation
[    2.659966] scsi target2:0:1: asynchronous
[    2.664496] random: systemd-udevd: uninitialized urandom read (16 bytes read)
[    2.666105] random: systemd-udevd: uninitialized urandom read (16 bytes read)
[    2.667529] random: systemd-udevd: uninitialized urandom read (16 bytes read)
[    2.669552] sd 2:0:0:0: [sda] 83886080 512-byte logical blocks: (42.9 GB/40.0 GiB)
[    2.671134] sd 2:0:0:0: [sda] Write Protect is off
[    2.672686] sd 2:0:0:0: [sda] Incomplete mode parameter data
[    2.674081] sd 2:0:0:0: [sda] Assuming drive cache: write through
[    2.675453] sd 2:0:0:0: Attached scsi generic sg0 type 0
[    2.676713] sd 2:0:1:0: [sdb] 20480 512-byte logical blocks: (10.5 MB/10.0 MiB)
[    2.677494] sd 2:0:1:0: [sdb] Write Protect is off
[    2.678176] sd 2:0:1:0: [sdb] Incomplete mode parameter data
[    2.678764] sd 2:0:1:0: [sdb] Assuming drive cache: write through
[    2.679846] sd 2:0:1:0: Attached scsi generic sg1 type 0
[    2.682867]  sda: sda1
[    2.683962] sd 2:0:0:0: [sda] Attached SCSI disk
[    2.684632] sd 2:0:1:0: [sdb] Attached SCSI disk
[    3.281314] e1000 0000:00:08.0 eth1: (PCI:33MHz:32-bit) 08:00:27:dc:5b:8d
[    3.282211] e1000 0000:00:08.0 eth1: Intel(R) PRO/1000 Network Connection
[    3.889320] e1000 0000:00:09.0 eth2: (PCI:33MHz:32-bit) 08:00:27:43:85:f4
[    3.890965] e1000 0000:00:09.0 eth2: Intel(R) PRO/1000 Network Connection
[    3.892734] e1000 0000:00:09.0 enp0s9: renamed from eth2
[    3.897168] e1000 0000:00:08.0 enp0s8: renamed from eth1
[    3.901149] e1000 0000:00:03.0 enp0s3: renamed from eth0
Begin: Loading essential drivers ... [    4.149771] raid6: sse2x1   gen()  3246 MB/s
[    4.196109] raid6: sse2x1   xor()  6209 MB/s
[    4.292112] raid6: sse2x2   gen() 11736 MB/s
[    4.355888] raid6: sse2x2   xor()   970 MB/s
[    4.404146] raid6: sse2x4   gen() 15032 MB/s
[    4.500140] raid6: sse2x4   xor()  7269 MB/s
[    4.561622] raid6: avx2x1   gen()   821 MB/s
[    4.608171] raid6: avx2x1   xor() 12365 MB/s
[    4.704202] raid6: avx2x2   gen() 26450 MB/s
[    4.767701] raid6: avx2x2   xor()  1851 MB/s
[    4.816120] raid6: avx2x4   gen() 32355 MB/s
[    4.912322] raid6: avx2x4   xor() 13819 MB/s
[    4.913361] raid6: using algorithm avx2x4 gen() 32355 MB/s
[    4.913927] raid6: .... xor() 13819 MB/s, rmw enabled
[    4.914602] raid6: using avx2x2 recovery algorithm
[    4.916547] xor: automatically using best checksumming function   avx       
[    4.918569] async_tx: api initialized (async)
done.
Begin: Running /scripts/init-premount ... done.
Begin: Mounting root file system ... Begin: Running /scripts/local-top ... done.
Begin: Running /scripts/local-premount ... [    5.015378] Btrfs loaded, crc32c=crc32c-intel
Scanning for Btrfs filesystems
done.
Begin: Will now check root file system ... fsck from util-linux 2.31.1
[/sbin/fsck.ext4 (1) -- /dev/sda1] fsck.ext4 -a -C0 /dev/sda1 
cloudimg-rootfs: clean, 112503/5120000 files, 818762/10485499 blocks
done.
[    5.103042] EXT4-fs (sda1): mounted filesystem with ordered data mode. Opts: (null)
done.
Begin: Running /scripts/local-bottom ... done.
Begin: Running /scripts/init-bottom ... done.
[    5.287366] ip_tables: (C) 2000-2006 Netfilter Core Team
[    5.295957] systemd[1]: systemd 237 running in system mode. (+PAM +AUDIT +SELINUX +IMA +APPARMOR +SMACK +SYSVINIT +UTMP +LIBCRYPTSETUP +GCRYPT +GNUTLS +ACL +XZ +LZ4 +SECCOMP +BLKID +ELFUTILS +KMOD -IDN2 +IDN -PCRE2 default-hierarchy=hybrid)
[    5.297897] systemd[1]: Detected virtualization oracle.
[    5.298447] systemd[1]: Detected architecture x86-64.

Welcome to [1mUbuntu 18.04.6 LTS[0m!

[    5.302166] systemd[1]: Set hostname to <ubuntu-bionic>.
[    5.626159] systemd[1]: Reached target Swap.
[[0;32m  OK  [0m] Reached target Swap.
[    5.627319] systemd[1]: Set up automount Arbitrary Executable File Formats File System Automount Point.
[[0;32m  OK  [0m] Set up automount Arbitrary Executab…rmats File System Automount Point.
[    5.628840] systemd[1]: Reached target System Time Synchronized.
[[0;32m  OK  [0m] Reached target System Time Synchronized.
[    5.630103] systemd[1]: Created slice System Slice.
[[0;32m  OK  [0m] Created slice System Slice.
[    5.631034] systemd[1]: Listening on Journal Audit Socket.
[[0;32m  OK  [0m] Listening on Journal Audit Socket.
[    5.631923] systemd[1]: Listening on /dev/initctl Compatibility Named Pipe.
[[0;32m  OK  [0m] Listening on /dev/initctl Compatibility Named Pipe.
[[0;32m  OK  [0m] Listening on Network Service Netlink Socket.
[[0;32m  OK  [0m] Listening on udev Kernel Socket.
[[0;32m  OK  [0m] Listening on LVM2 poll daemon socket.
[[0;32m  OK  [0m] Listening on Syslog Socket.
[[0;32m  OK  [0m] Listening on Journal Socket.
         Mounting Huge Pages File System...
         Starting Load Kernel Modules...
[[0;32m  OK  [0m] Listening on Journal Socket (/dev/log).
         Starting Journal Service...
[[0;32m  OK  [0m] Created slice User and Session Slice.
[[0;32m  OK  [0m] Reached target Slices.
[[0;32m  OK  [0m] Listening on Device-mapper event daemon FIFOs.
         Starting Set the console keyboard layout...
[[0;32m  OK  [0m] Listening on LVM2 metadata daemon socket.
[[0;32m  OK  [0m] Listening on udev Control Socket.
         Starting udev Coldplug all Devices...
         Starting Uncomplicated firewall...
[[0;32m  OK  [0m] Listening on fsck to fsckd communication Socket.
[[0;32m  OK  [0m] Created slice system-serial\x2dgetty.slice.
         Starting Monitoring of LVM2 mirrors…ng dmeventd or progress polling...
         Mounting POSIX Message Queue File System...
         Starting Create list of required st…ce nodes for the current kernel...
[[0;32m  OK  [0m] Reached target User and Group Name Lookups.
         Starting Remount Root and Kernel File Systems...
[[0;32m  OK  [0m] Started Forward Password Requests to Wall Directory Watch.
         Mounting Kernel Debug File System...
[[0;32m  OK  [0m] Mounted Huge Pages File System.
[[0;32m  OK  [0m] Mounted POSIX Message Queue File System.
[[0;32m  OK  [0m] Mounted Kernel Debug File System.
[    5.720852] Loading iSCSI transport class v2.0-870.
[    5.730685] iscsi: registered transport (tcp)
[[0;32m  OK  [0m] Started Uncomplicated firewall.
[[0;32m  OK  [0m] Started Journal Service.
[[0;32m  OK  [0m] Started LVM2 metadata daemon.
[[0;32m  OK  [0m] Started udev Coldplug all Devices.
[[0;32m  OK  [0m] Started Create list of required sta…vice nodes for the current kernel.
         Starting Create Static Device Nodes in /dev...
[[0;32m  OK  [0m] Started Create Static Device Nodes in /dev.
[    5.929020] EXT4-fs (sda1): re-mounted. Opts: (null)
[[0;32m  OK  [0m] Started Remount Root and Kernel File Systems.
         Starting Flush Journal to Persistent Storage...
         Starting udev Kernel Device Manager...
         Starting Load/Save Random Seed...
[    5.956364] iscsi: registered transport (iser)
[[0;32m  OK  [0m] Started Load Kernel Modules.
         Mounting Kernel Configuration File System...
         Mounting FUSE Control File System...
         Starting Apply Kernel Variables...
[[0;32m  OK  [0m] Mounted Kernel Configuration File System.
[[0;32m  OK  [0m] Mounted FUSE Control File System.
[    6.035390] systemd-journald[407]: Received request to flush runtime journal from PID 1
[[0;32m  OK  [0m] Started Load/Save Random Seed.
[[0;32m  OK  [0m] Started udev Kernel Device Manager.
[[0;32m  OK  [0m] Started Monitoring of LVM2 mirrors,…sing dmeventd or progress polling.
[[0;32m  OK  [0m] Started Apply Kernel Variables.
[[0;32m  OK  [0m] Started Flush Journal to Persistent Storage.
[[0;32m  OK  [0m] Started Set the console keyboard layout.
[[0;32m  OK  [0m] Reached target Local File Systems (Pre).
[[0;32m  OK  [0m] Reached target Local File Systems.
         Starting ebtables ruleset management...
         Starting Create Volatile Files and Directories...
         Starting AppArmor initialization...
         Starting Set console font and keymap...
         Starting Tell Plymouth To Write Out Runtime Data...
         Starting netfilter persistent configuration...
[[0;32m  OK  [0m] Started Dispatch Password Requests to Console Directory Watch.
[[0;32m  OK  [0m] Reached target Local Encrypted Volumes.
[[0;32m  OK  [0m] Started Set console font and keymap.
[[0;32m  OK  [0m] Started Tell Plymouth To Write Out Runtime Data.
[[0;32m  OK  [0m] Started Create Volatile Files and Directories.
         Starting Update UTMP about System Boot/Shutdown...
[[0;32m  OK  [0m] Started Update UTMP about System Boot/Shutdown.
[[0;32m  OK  [0m] Started ebtables ruleset management.
[[0;32m  OK  [0m] Started netfilter persistent configuration.
[[0;32m  OK  [0m] Found device /dev/ttyS0.
[[0;32m  OK  [0m] Listening on Load/Save RF Kill Switch Status /dev/rfkill Watch.
[[0;32m  OK  [0m] Started AppArmor initialization.
         Starting Load AppArmor profiles managed internally by snapd...
         Starting Initial cloud-init job (pre-networking)...
[[0;32m  OK  [0m] Started Load AppArmor profiles managed internally by snapd.
[    9.209276] cloud-init[576]: Cloud-init v. 21.4-0ubuntu1~18.04.1 running 'init-local' at Sat, 08 Jan 2022 09:42:54 +0000. Up 8.98 seconds.
[[0;32m  OK  [0m] Started Initial cloud-init job (pre-networking).
[[0;32m  OK  [0m] Reached target Network (Pre).
         Starting Network Service...
[[0;32m  OK  [0m] Started Network Service.
         Starting Wait for Network to be Configured...
         Starting Network Name Resolution...
[[0;32m  OK  [0m] Started Network Name Resolution.
[[0;32m  OK  [0m] Reached target Host and Network Name Lookups.
[[0;32m  OK  [0m] Reached target Network.
[[0;32m  OK  [0m] Started Wait for Network to be Configured.
         Starting Initial cloud-init job (metadata service crawler)...
[   11.467092] cloud-init[709]: Cloud-init v. 21.4-0ubuntu1~18.04.1 running 'init' at Sat, 08 Jan 2022 09:42:56 +0000. Up 11.18 seconds.
[   11.468038] cloud-init[709]: ci-info: ++++++++++++++++++++++++++++++++++++++Net device info+++++++++++++++++++++++++++++++++++++++
[   11.469351] cloud-init[709]: ci-info: +--------+-------+----------------------------+---------------+--------+-------------------+
[   11.469968] cloud-init[709]: ci-info: | Device |   Up  |          Address           |      Mask     | Scope  |     Hw-Address    |
[   11.470584] cloud-init[709]: ci-info: +--------+-------+----------------------------+---------------+--------+-------------------+
[   11.472798] cloud-init[709]: ci-info: | enp0s3 |  True |       192.168.120.15       | 255.255.255.0 | global | 02:29:e0:c3:be:94 |
[   11.473368] cloud-init[709]: ci-info: | enp0s3 |  True | fe80::29:e0ff:fec3:be94/64 |       .       |  link  | 02:29:e0:c3:be:94 |
[   11.473938] cloud-init[709]: ci-info: | enp0s8 | False |             .              |       .       |   .    | 08:00:27:dc:5b:8d |
[   11.474486] cloud-init[709]: ci-info: | enp0s9 | False |             .              |       .       |   .    | 08:00:27:43:85:f4 |
[   11.475034] cloud-init[709]: ci-info: |   lo   |  True |         127.0.0.1          |   255.0.0.0   |  host  |         .         |
[   11.476376] cloud-init[709]: ci-info: |   lo   |  True |          ::1/128           |       .       |  host  |         .         |
[   11.477417] cloud-init[709]: ci-info: +--------+-------+----------------------------+---------------+--------+-------------------+
[   11.478333] cloud-init[709]: ci-info: ++++++++++++++++++++++++++++++++Route IPv4 info++++++++++++++++++++++++++++++++
[   11.480497] cloud-init[709]: ci-info: +-------+---------------+---------------+-----------------+-----------+-------+
[   11.482038] cloud-init[709]: ci-info: | Route |  Destination  |    Gateway    |     Genmask     | Interface | Flags |
[   11.483678] cloud-init[709]: ci-info: +-------+---------------+---------------+-----------------+-----------+-------+
[   11.484765] cloud-init[709]: ci-info: |   0   |    0.0.0.0    | 192.168.120.2 |     0.0.0.0     |   enp0s3  |   UG  |
[   11.485918] cloud-init[709]: ci-info: |   1   | 192.168.120.0 |    0.0.0.0    |  255.255.255.0  |   enp0s3  |   U   |
[   11.487624] cloud-init[709]: ci-info: |   2   | 192.168.120.2 |    0.0.0.0    | 255.255.255.255 |   enp0s3  |   UH  |
[   11.489102] cloud-init[709]: ci-info: +-------+---------------+---------------+-----------------+-----------+-------+
[   11.490008] cloud-init[709]: ci-info: +++++++++++++++++++Route IPv6 info+++++++++++++++++++
[   11.491110] cloud-init[709]: ci-info: +-------+-------------+---------+-----------+-------+
[   11.492242] cloud-init[709]: ci-info: | Route | Destination | Gateway | Interface | Flags |
[   11.492987] cloud-init[709]: ci-info: +-------+-------------+---------+-----------+-------+
[   11.504171] cloud-init[709]: ci-info: |   1   |  fe80::/64  |    ::   |   enp0s3  |   U   |
[   11.555980] cloud-init[709]: ci-info: |   3   |   anycast   |    ::   |   enp0s3  |   U   |
[   11.557190] cloud-init[709]: ci-info: |   4   |    local    |    ::   |   enp0s3  |   U   |
[   11.558295] cloud-init[709]: ci-info: |   5   |   ff00::/8  |    ::   |   enp0s3  |   U   |
[   11.560259] cloud-init[709]: ci-info: +-------+-------------+---------+-----------+-------+
[[0;32m  OK  [0m] Started Initial cloud-init job (metadata service crawler).
[[0;32m  OK  [0m] Reached target Cloud-config availability.
[[0;32m  OK  [0m] Reached target System Initialization.
[[0;32m  OK  [0m] Started Message of the Day.
[[0;32m  OK  [0m] Listening on UUID daemon activation socket.
[[0;32m  OK  [0m] Started Trigger to poll for Ubuntu …(Only enabled on GCP LTS non-pro).
[[0;32m  OK  [0m] Listening on D-Bus System Message Bus Socket.
         Starting Socket activation for snappy daemon.
[[0;32m  OK  [0m] Started ACPI Events Check.
[[0;32m  OK  [0m] Started Ubuntu Advantage Timer for running repeated jobs.
[[0;32m  OK  [0m] Started Daily apt download activities.
[[0;32m  OK  [0m] Started Daily apt upgrade and clean activities.
[[0;32m  OK  [0m] Reached target Paths.
[[0;32m  OK  [0m] Started Discard unused blocks once a week.
[[0;32m  OK  [0m] Started Daily Cleanup of Temporary Directories.
[[0;32m  OK  [0m] Reached target Timers.
         Starting LXD - unix socket.
[[0;32m  OK  [0m] Listening on Open-iSCSI iscsid Socket.
[[0;32m  OK  [0m] Listening on ACPID Listen Socket.
[[0;32m  OK  [0m] Listening on cloud-init hotplug hook socket.
[[0;32m  OK  [0m] Reached target Network is Online.
[[0;32m  OK  [0m] Reached target Remote File Systems (Pre).
         Starting Availability of block devices...
         Mounting /vagrant...
[[0;32m  OK  [0m] Listening on Socket activation for snappy daemon.
[[0;32m  OK  [0m] Listening on LXD - unix socket.
[[0;32m  OK  [0m] Started Availability of block devices.
[[0;32m  OK  [0m] Reached target Sockets.
[[0;32m  OK  [0m] Reached target Basic System.
[[0;32m  OK  [0m] Started strongSwan IPsec IKEv1/IKEv2 daemon using ipsec.conf.
         Starting Dispatcher daemon for systemd-networkd...
[[0;32m  OK  [0m] Started D-Bus System Message Bus.
[[0;32m  OK  [0m] Started FUSE filesystem for LXC.
         Starting System Logging Service...
         Starting Login Service...
[[0;32m  OK  [0m] Started irqbalance daemon.
         Starting LSB: Record successful boot for GRUB...
[[0;32m  OK  [0m] Started Deferred execution scheduler.
         Starting OpenBSD Secure Shell server...
         Starting Message of the Day...
         Starting LXD - container startup/shutdown...
[[0;32m  OK  [0m] Started Regular background program processing daemon.
         Starting vboxadd.service...
         Starting Accounts Service...
         Starting Snap Daemon...
[[0;32m  OK  [0m] Started System Logging Service.
[[0;32m  OK  [0m] Started Dispatcher daemon for systemd-networkd.
[[0;1;31mFAILED[0m] Failed to mount /vagrant.
See 'systemctl status vagrant.mount' for details.
[[0;1;33mDEPEND[0m] Dependency failed for Remote File Systems.
[[0;32m  OK  [0m] Started LXD - container startup/shutdown.
[[0;32m  OK  [0m] Started Login Service.
[[0;32m  OK  [0m] Started Unattended Upgrades Shutdown.
         Starting Permit User Sessions...
         Starting LSB: automatic crash report generation...
[[0;32m  OK  [0m] Started OpenBSD Secure Shell server.
[[0;32m  OK  [0m] Started Permit User Sessions.
         Starting Terminate Plymouth Boot Screen...
         Starting Hold until boot process finishes up...
[[0;32m  OK  [0m] Started Hold until boot process finishes up.
         Starting Set console scheme...
[[0;32m  OK  [0m] Started Serial Getty on ttyS0.
[[0;32m  OK  [0m] Started Terminate Plymouth Boot Screen.
[[0;32m  OK  [0m] Started Set console scheme.
[[0;32m  OK  [0m] Created slice system-getty.slice.
[[0;32m  OK  [0m] Started Getty on tty1.
[[0;32m  OK  [0m] Reached target Login Prompts.
         Starting Authorization Manager...
[[0;32m  OK  [0m] Started LSB: Record successful boot for GRUB.
[[0;32m  OK  [0m] Created slice User Slice of vagrant.
[[0;32m  OK  [0m] Started Authorization Manager.
[[0;32m  OK  [0m] Started Accounts Service.
         Starting User Manager for UID 1000...
[[0;32m  OK  [0m] Started Session 1 of user vagrant.
[[0;32m  OK  [0m] Started LSB: automatic crash report generation.
[[0;32m  OK  [0m] Started User Manager for UID 1000.
[[0;32m  OK  [0m] Started Snap Daemon.
         Starting Wait until snapd is fully seeded...
[[0;32m  OK  [0m] Started Wait until snapd is fully seeded.
         Starting Apply the settings specified in cloud-config...

Ubuntu 18.04.6 LTS ubuntu-bionic ttyS0

ubuntu-bionic login: [   22.167172] cloud-init[1392]: Cloud-init v. 21.4-0ubuntu1~18.04.1 running 'modules:config' at Sat, 08 Jan 2022 09:43:06 +0000. Up 21.37 seconds.
[   25.715319] cloud-init[1661]: Cloud-init v. 21.4-0ubuntu1~18.04.1 running 'modules:final' at Sat, 08 Jan 2022 09:43:09 +0000. Up 24.35 seconds.
[   25.722707] cloud-init[1661]: Cloud-init v. 21.4-0ubuntu1~18.04.1 finished at Sat, 08 Jan 2022 09:43:11 +0000. Datasource DataSourceNoCloud [seed=/dev/sdb][dsmode=net].  Up 25.69 seconds
